<?xml version="1.0" encoding="UTF-8"?>
<testng-results ignored="0" total="2" passed="2" failed="0" skipped="0">
  <reporter-output>
  </reporter-output>
  <suite started-at="2024-02-20T20:50:00 IST" name="Suite" finished-at="2024-02-20T20:50:00 IST" duration-ms="56">
    <groups>
    </groups>
    <test started-at="2024-02-20T20:50:00 IST" name="Test" finished-at="2024-02-20T20:50:00 IST" duration-ms="56">
      <class name="Package.Hji2">
        <test-method signature="add()[pri:0, instance:Package.Hji2@550ee7e5]" started-at="2024-02-20T20:50:00 IST" name="add" finished-at="2024-02-20T20:50:00 IST" duration-ms="0" status="PASS">
          <reporter-output>
          </reporter-output>
        </test-method> <!-- add -->
      </class> <!-- Package.Hji2 -->
      <class name="Package.HJi">
        <test-method signature="add()[pri:0, instance:Package.HJi@be35cd9]" started-at="2024-02-20T20:50:00 IST" name="add" finished-at="2024-02-20T20:50:00 IST" duration-ms="10" status="PASS">
          <reporter-output>
          </reporter-output>
        </test-method> <!-- add -->
      </class> <!-- Package.HJi -->
    </test> <!-- Test -->
  </suite> <!-- Suite -->
</testng-results>
